<?xml version="1.0" encoding="UTF-8"?>
<testng-results skipped="1" failed="0" total="1" passed="0">
  <reporter-output>
  </reporter-output>
  <suite name="Default suite" duration-ms="486" started-at="2018-04-14T14:35:25Z" finished-at="2018-04-14T14:35:25Z">
    <groups>
    </groups>
    <test name="Default test" duration-ms="486" started-at="2018-04-14T14:35:25Z" finished-at="2018-04-14T14:35:25Z">
      <class name="com.fahed.automation.demo.homepage.TC002_VerifyHomePageUsingParemetersFromJenkins">
        <test-method status="FAIL" signature="setUp()[pri:0, instance:com.fahed.automation.demo.homepage.TC002_VerifyHomePageUsingParemetersFromJenkins@100df86]" name="setUp" is-config="true" duration-ms="0" started-at="2018-04-14T20:05:25Z" finished-at="2018-04-14T20:05:25Z">
          <exception class="java.lang.NullPointerException">
            <full-stacktrace>
              <![CDATA[java.lang.NullPointerException
	at com.fahed.automation.demo.testBase.TestBase.selectBrowser(TestBase.java:50)
	at com.fahed.automation.demo.homepage.TC002_VerifyHomePageUsingParemetersFromJenkins.setUp(TC002_VerifyHomePageUsingParemetersFromJenkins.java:31)
	at sun.reflect.NativeMethodAccessorImpl.invoke0(Native Method)
	at sun.reflect.NativeMethodAccessorImpl.invoke(Unknown Source)
	at sun.reflect.DelegatingMethodAccessorImpl.invoke(Unknown Source)
	at java.lang.reflect.Method.invoke(Unknown Source)
	at org.testng.internal.MethodInvocationHelper.invokeMethod(MethodInvocationHelper.java:86)
	at org.testng.internal.Invoker.invokeConfigurationMethod(Invoker.java:514)
	at org.testng.internal.Invoker.invokeConfigurations(Invoker.java:215)
	at org.testng.internal.Invoker.invokeConfigurations(Invoker.java:142)
	at org.testng.internal.TestMethodWorker.invokeBeforeClassMethods(TestMethodWorker.java:178)
	at org.testng.internal.TestMethodWorker.run(TestMethodWorker.java:108)
	at org.testng.TestRunner.privateRun(TestRunner.java:782)
	at org.testng.TestRunner.run(TestRunner.java:632)
	at org.testng.SuiteRunner.runTest(SuiteRunner.java:366)
	at org.testng.SuiteRunner.runSequentially(SuiteRunner.java:361)
	at org.testng.SuiteRunner.privateRun(SuiteRunner.java:319)
	at org.testng.SuiteRunner.run(SuiteRunner.java:268)
	at org.testng.SuiteRunnerWorker.runSuite(SuiteRunnerWorker.java:52)
	at org.testng.SuiteRunnerWorker.run(SuiteRunnerWorker.java:86)
	at org.testng.TestNG.runSuitesSequentially(TestNG.java:1244)
	at org.testng.TestNG.runSuitesLocally(TestNG.java:1169)
	at org.testng.TestNG.run(TestNG.java:1064)
	at org.testng.remote.AbstractRemoteTestNG.run(AbstractRemoteTestNG.java:126)
	at org.testng.remote.RemoteTestNG.initAndRun(RemoteTestNG.java:137)
	at org.testng.remote.RemoteTestNG.main(RemoteTestNG.java:58)
]]>
            </full-stacktrace>
          </exception> <!-- java.lang.NullPointerException -->
          <reporter-output>
          </reporter-output>
        </test-method> <!-- setUp -->
        <test-method status="SKIP" signature="verifyHomePageOpened()[pri:0, instance:com.fahed.automation.demo.homepage.TC002_VerifyHomePageUsingParemetersFromJenkins@100df86]" name="verifyHomePageOpened" duration-ms="2" started-at="2018-04-14T20:05:25Z" finished-at="2018-04-14T20:05:25Z">
          <reporter-output>
          </reporter-output>
        </test-method> <!-- verifyHomePageOpened -->
        <test-method status="SKIP" signature="endTest()[pri:0, instance:com.fahed.automation.demo.homepage.TC002_VerifyHomePageUsingParemetersFromJenkins@100df86]" name="endTest" is-config="true" duration-ms="0" started-at="2018-04-14T20:05:25Z" finished-at="2018-04-14T20:05:25Z">
          <reporter-output>
          </reporter-output>
        </test-method> <!-- endTest -->
      </class> <!-- com.fahed.automation.demo.homepage.TC002_VerifyHomePageUsingParemetersFromJenkins -->
    </test> <!-- Default test -->
  </suite> <!-- Default suite -->
</testng-results>
